{"numTotalTestSuites":1,"numPassedTestSuites":1,"numFailedTestSuites":0,"numPendingTestSuites":0,"numTotalTests":1,"numPassedTests":1,"numFailedTests":0,"numPendingTests":0,"numTodoTests":0,"snapshot":{"added":0,"failure":false,"filesAdded":0,"filesRemoved":0,"filesRemovedList":[],"filesUnmatched":0,"filesUpdated":0,"matched":0,"total":0,"unchecked":0,"uncheckedKeysByFile":[],"unmatched":0,"updated":0,"didUpdate":false},"startTime":1732606672134,"success":true,"testResults":[{"assertionResults":[{"ancestorTitles":[],"fullName":"使用test","status":"passed","title":"使用test","duration":27.899999976158142,"failureMessages":[],"location":{"line":5,"column":1},"meta":{}}],"startTime":1732606690038,"endTime":1732606690065.9,"status":"passed","message":"","name":"/Users/apple/Desktop/code/github/javascript/t-worker/example/vite-react/test/app.spec.tsx"}]}